<?xml version="1.0" encoding="UTF-8"?>
<!-- Generated by org.testng.reporters.JUnitXMLReporter -->
<testsuite ignored="0" hostname="SatheeshkumarJ" failures="0" tests="3" name="Test cases" time="0.116" errors="0" timestamp="10 Nov 2021 18:02:20 GMT">
  <testcase classname="com.Testngworking.Enabled_testng" name="highschool" time="0.031"/>
  <testcase classname="com.Testngworking.Enabled_testng" name="highersec" time="0.005"/>
  <testcase classname="com.Testngworking.Enabled_testng" name="eng" time="0.004"/>
</testsuite> <!-- Test cases -->
